2022-04-26 16:57:48 INFO  cic.cs.unb.ca.jnetpcap.worker.TrafficFlowWorker    Pcap is listening...
2022-04-26 20:07:38 INFO  cic.cs.unb.ca.jnetpcap.worker.TrafficFlowWorker    Pcap is listening...
2022-04-26 20:07:46 INFO  cic.cs.unb.ca.flow.ui.FlowMonitorPane    Pcap stop listening
2022-04-26 20:07:46 INFO  cic.cs.unb.ca.flow.ui.FlowMonitorPane    path:C:\Users\Lenovo\Downloads\CICFlowMeter-4.0-20220426T094349Z-001\CICFlowMeter-4.0\bin\data\daily\2022-04-26_Flow.csv
2022-04-26 20:07:50 INFO  cic.cs.unb.ca.jnetpcap.worker.TrafficFlowWorker    Pcap is listening...
2022-04-26 20:08:14 INFO  cic.cs.unb.ca.flow.ui.FlowMonitorPane    Pcap stop listening
2022-04-26 20:08:14 INFO  cic.cs.unb.ca.flow.ui.FlowMonitorPane    path:C:\Users\Lenovo\Downloads\CICFlowMeter-4.0-20220426T094349Z-001\CICFlowMeter-4.0\bin\data\daily\2022-04-26_Flow.csv
2022-04-26 20:08:44 INFO  cic.cs.unb.ca.jnetpcap.worker.TrafficFlowWorker    Pcap is listening...
2022-04-26 20:09:10 INFO  cic.cs.unb.ca.flow.ui.FlowMonitorPane    Pcap stop listening
2022-04-26 20:09:10 INFO  cic.cs.unb.ca.flow.ui.FlowMonitorPane    path:C:\Users\Lenovo\Downloads\CICFlowMeter-4.0-20220426T094349Z-001\CICFlowMeter-4.0\bin\data\daily\2022-04-26_Flow.csv
2022-04-26 20:09:35 INFO  cic.cs.unb.ca.flow.ui.FlowMonitorPane    path:C:\Users\Lenovo\Downloads\CICFlowMeter-4.0-20220426T094349Z-001\CICFlowMeter-4.0\bin\data\daily\2022-04-26_Flow.csv
2022-04-26 20:09:38 INFO  cic.cs.unb.ca.jnetpcap.worker.TrafficFlowWorker    Pcap is listening...
2022-04-26 20:10:02 INFO  cic.cs.unb.ca.flow.ui.FlowMonitorPane    Pcap stop listening
2022-04-26 20:10:02 INFO  cic.cs.unb.ca.flow.ui.FlowMonitorPane    path:C:\Users\Lenovo\Downloads\CICFlowMeter-4.0-20220426T094349Z-001\CICFlowMeter-4.0\bin\data\daily\2022-04-26_Flow.csv
2022-04-26 20:10:10 INFO  cic.cs.unb.ca.jnetpcap.worker.TrafficFlowWorker    Pcap is listening...
2022-04-26 20:10:19 INFO  cic.cs.unb.ca.flow.ui.FlowMonitorPane    Pcap stop listening
2022-04-26 20:10:19 INFO  cic.cs.unb.ca.flow.ui.FlowMonitorPane    path:C:\Users\Lenovo\Downloads\CICFlowMeter-4.0-20220426T094349Z-001\CICFlowMeter-4.0\bin\data\daily\2022-04-26_Flow.csv
2022-04-26 20:10:24 INFO  cic.cs.unb.ca.jnetpcap.worker.TrafficFlowWorker    Pcap is listening...
2022-04-26 20:14:39 INFO  cic.cs.unb.ca.flow.ui.FlowMonitorPane    Pcap stop listening
2022-04-26 20:14:39 INFO  cic.cs.unb.ca.flow.ui.FlowMonitorPane    path:C:\Users\Lenovo\Downloads\CICFlowMeter-4.0-20220426T094349Z-001\CICFlowMeter-4.0\bin\data\daily\2022-04-26_Flow.csv
2022-04-26 20:14:42 INFO  cic.cs.unb.ca.jnetpcap.worker.TrafficFlowWorker    Pcap is listening...
2022-04-26 20:14:45 INFO  cic.cs.unb.ca.flow.ui.FlowMonitorPane    Pcap stop listening
2022-04-26 20:14:45 INFO  cic.cs.unb.ca.flow.ui.FlowMonitorPane    path:C:\Users\Lenovo\Downloads\CICFlowMeter-4.0-20220426T094349Z-001\CICFlowMeter-4.0\bin\data\daily\2022-04-26_Flow.csv
2022-04-26 20:14:48 INFO  cic.cs.unb.ca.jnetpcap.worker.TrafficFlowWorker    Pcap is listening...
2022-04-26 20:15:16 INFO  cic.cs.unb.ca.flow.ui.FlowMonitorPane    Pcap stop listening
2022-04-26 20:15:16 INFO  cic.cs.unb.ca.flow.ui.FlowMonitorPane    path:C:\Users\Lenovo\Downloads\CICFlowMeter-4.0-20220426T094349Z-001\CICFlowMeter-4.0\bin\data\daily\2022-04-26_Flow.csv
2022-04-26 20:15:35 INFO  cic.cs.unb.ca.jnetpcap.worker.TrafficFlowWorker    Pcap is listening...
2022-04-26 20:15:39 INFO  cic.cs.unb.ca.flow.ui.FlowMonitorPane    Pcap stop listening
2022-04-26 20:15:39 INFO  cic.cs.unb.ca.flow.ui.FlowMonitorPane    path:C:\Users\Lenovo\Downloads\CICFlowMeter-4.0-20220426T094349Z-001\CICFlowMeter-4.0\bin\data\daily\2022-04-26_Flow.csv
2022-04-26 20:15:41 INFO  cic.cs.unb.ca.jnetpcap.worker.TrafficFlowWorker    Pcap is listening...
2022-04-26 20:16:03 INFO  cic.cs.unb.ca.flow.ui.FlowMonitorPane    Pcap stop listening
2022-04-26 20:16:03 INFO  cic.cs.unb.ca.flow.ui.FlowMonitorPane    path:C:\Users\Lenovo\Downloads\CICFlowMeter-4.0-20220426T094349Z-001\CICFlowMeter-4.0\bin\data\daily\2022-04-26_Flow.csv
2022-04-26 20:16:13 INFO  cic.cs.unb.ca.flow.ui.FlowMonitorPane    Pcap stop listening
2022-04-26 20:16:13 INFO  cic.cs.unb.ca.flow.ui.FlowMonitorPane    path:C:\Users\Lenovo\Downloads\CICFlowMeter-4.0-20220426T094349Z-001\CICFlowMeter-4.0\bin\data\daily\2022-04-26_Flow.csv
2022-04-26 20:16:26 INFO  cic.cs.unb.ca.flow.ui.FlowMonitorPane    Pcap stop listening
2022-04-26 20:16:26 INFO  cic.cs.unb.ca.flow.ui.FlowMonitorPane    path:C:\Users\Lenovo\Downloads\CICFlowMeter-4.0-20220426T094349Z-001\CICFlowMeter-4.0\bin\data\daily\2022-04-26_Flow.csv
2022-04-26 20:16:39 DEBUG swing.common.SwingUtils    C:\Users\Lenovo\Downloads\CICFlowMeter-4.0-20220426T094349Z-001\CICFlowMeter-4.0\bin\data (Access is denied)
2022-04-26 20:16:45 INFO  cic.cs.unb.ca.jnetpcap.worker.TrafficFlowWorker    Pcap is listening...
2022-04-26 20:17:10 INFO  cic.cs.unb.ca.flow.ui.FlowMonitorPane    Pcap stop listening
2022-04-26 20:17:10 INFO  cic.cs.unb.ca.flow.ui.FlowMonitorPane    path:C:\Users\Lenovo\Downloads\CICFlowMeter-4.0-20220426T094349Z-001\CICFlowMeter-4.0\bin\data\daily\2022-04-26_Flow.csv
2022-04-26 20:17:38 INFO  cic.cs.unb.ca.flow.ui.FlowMonitorPane    path:C:\Users\Lenovo\Downloads\CICFlowMeter-4.0-20220426T094349Z-001\CICFlowMeter-4.0\bin\data\daily\2022-04-26_Flow.csv
2022-04-26 20:17:42 INFO  cic.cs.unb.ca.jnetpcap.worker.TrafficFlowWorker    Pcap is listening...
2022-04-26 20:17:49 INFO  cic.cs.unb.ca.flow.ui.FlowMonitorPane    Pcap stop listening
2022-04-26 20:17:49 INFO  cic.cs.unb.ca.flow.ui.FlowMonitorPane    path:C:\Users\Lenovo\Downloads\CICFlowMeter-4.0-20220426T094349Z-001\CICFlowMeter-4.0\bin\data\daily\2022-04-26_Flow.csv
2022-04-26 20:17:54 INFO  cic.cs.unb.ca.jnetpcap.worker.TrafficFlowWorker    Pcap is listening...
2022-04-26 20:18:02 INFO  cic.cs.unb.ca.flow.ui.FlowMonitorPane    Pcap stop listening
2022-04-26 20:18:02 INFO  cic.cs.unb.ca.flow.ui.FlowMonitorPane    path:C:\Users\Lenovo\Downloads\CICFlowMeter-4.0-20220426T094349Z-001\CICFlowMeter-4.0\bin\data\daily\2022-04-26_Flow.csv
2022-04-26 20:18:05 INFO  cic.cs.unb.ca.jnetpcap.worker.TrafficFlowWorker    Pcap is listening...
2022-04-26 20:18:09 INFO  cic.cs.unb.ca.flow.ui.FlowMonitorPane    Pcap stop listening
2022-04-26 20:18:09 INFO  cic.cs.unb.ca.flow.ui.FlowMonitorPane    path:C:\Users\Lenovo\Downloads\CICFlowMeter-4.0-20220426T094349Z-001\CICFlowMeter-4.0\bin\data\daily\2022-04-26_Flow.csv
2022-04-26 20:18:12 INFO  cic.cs.unb.ca.jnetpcap.worker.TrafficFlowWorker    Pcap is listening...
2022-04-26 20:18:17 INFO  cic.cs.unb.ca.flow.ui.FlowMonitorPane    Pcap stop listening
2022-04-26 20:18:17 INFO  cic.cs.unb.ca.flow.ui.FlowMonitorPane    path:C:\Users\Lenovo\Downloads\CICFlowMeter-4.0-20220426T094349Z-001\CICFlowMeter-4.0\bin\data\daily\2022-04-26_Flow.csv
2022-04-26 20:18:23 DEBUG cic.cs.unb.ca.jnetpcap.worker.TrafficFlowWorker    break Packet loop
2022-04-26 20:18:26 INFO  cic.cs.unb.ca.jnetpcap.worker.TrafficFlowWorker    Pcap is listening...
2022-04-26 20:19:33 INFO  cic.cs.unb.ca.flow.ui.FlowMonitorPane    Pcap stop listening
2022-04-26 20:19:33 INFO  cic.cs.unb.ca.flow.ui.FlowMonitorPane    path:C:\Users\Lenovo\Downloads\CICFlowMeter-4.0-20220426T094349Z-001\CICFlowMeter-4.0\bin\data\daily\2022-04-26_Flow.csv
2022-04-26 22:44:56 DEBUG swing.common.SwingUtils    C:\Users\Lenovo\Documents\model\CICFlowMeter-4.0\bin\data (Access is denied)
2022-04-26 22:44:56 DEBUG swing.common.SwingUtils    C:\Users\Lenovo\Documents\model\CICFlowMeter-4.0\bin\logs (Access is denied)
2022-04-26 22:46:40 INFO  cic.cs.unb.ca.jnetpcap.worker.TrafficFlowWorker    Pcap is listening...
2022-04-26 22:51:04 INFO  cic.cs.unb.ca.flow.ui.FlowMonitorPane    Pcap stop listening
2022-04-26 22:51:04 INFO  cic.cs.unb.ca.flow.ui.FlowMonitorPane    path:C:\Users\Lenovo\Documents\model\CICFlowMeter-4.0\bin\data\daily\2022-04-26_Flow.csv
2022-04-26 22:51:38 DEBUG cic.cs.unb.ca.jnetpcap.worker.TrafficFlowWorker    break Packet loop
2022-04-26 23:08:47 INFO  cic.cs.unb.ca.jnetpcap.worker.TrafficFlowWorker    Pcap is listening...
2022-04-26 23:14:38 INFO  cic.cs.unb.ca.flow.ui.FlowMonitorPane    Pcap stop listening
2022-04-26 23:23:10 INFO  cic.cs.unb.ca.flow.ui.FlowMonitorPane    path:C:\Users\Lenovo\Documents\model\CICFlowMeter-4.0\bin\data\daily\2022-04-26_Flow.csv
2022-04-26 23:23:10 INFO  cic.cs.unb.ca.flow.ui.FlowMonitorPane    path:C:\Users\Lenovo\Documents\model\CICFlowMeter-4.0\bin\data\daily\2022-04-26_Flow.csv
2022-04-26 23:23:10 INFO  cic.cs.unb.ca.flow.ui.FlowMonitorPane    path:C:\Users\Lenovo\Documents\model\CICFlowMeter-4.0\bin\data\daily\2022-04-26_Flow.csv
2022-04-26 23:23:10 INFO  cic.cs.unb.ca.flow.ui.FlowMonitorPane    path:C:\Users\Lenovo\Documents\model\CICFlowMeter-4.0\bin\data\daily\2022-04-26_Flow.csv
2022-04-26 23:23:10 INFO  cic.cs.unb.ca.flow.ui.FlowMonitorPane    path:C:\Users\Lenovo\Documents\model\CICFlowMeter-4.0\bin\data\daily\2022-04-26_Flow.csv
2022-04-26 23:23:10 INFO  cic.cs.unb.ca.flow.ui.FlowMonitorPane    path:C:\Users\Lenovo\Documents\model\CICFlowMeter-4.0\bin\data\daily\2022-04-26_Flow.csv
2022-04-26 23:23:10 INFO  cic.cs.unb.ca.flow.ui.FlowMonitorPane    path:C:\Users\Lenovo\Documents\model\CICFlowMeter-4.0\bin\data\daily\2022-04-26_Flow.csv
2022-04-26 23:23:10 INFO  cic.cs.unb.ca.flow.ui.FlowMonitorPane    path:C:\Users\Lenovo\Documents\model\CICFlowMeter-4.0\bin\data\daily\2022-04-26_Flow.csv
