2021-09-27 14:32:31 - Pcap is listening...
2021-09-27 14:35:48 - Pcap stop listening
2021-09-27 14:35:48 - path:D:\cicflowmeter-4\CICFlowMeter-4.0\bin\data\daily\2021-09-27_Flow.csv
2021-09-27 14:42:50 - path:D:\cicflowmeter-4\CICFlowMeter-4.0\bin\data\daily\2021-09-27_Flow.csv
2021-09-27 14:49:50 - Pcap is listening...
2021-09-27 14:52:55 - Pcap stop listening
2021-09-27 14:52:55 - path:C:\Users\Network Lab\Desktop\J L Shreya\CICFlowMeter and ISCXFlowMeter\cicflowmeter-4\CICFlowMeter-4.0\bin\data\daily\2021-09-27_Flow.csv
2021-09-27 14:53:05 - Pcap is listening...
2021-09-27 14:54:31 - Pcap stop listening
2021-09-27 14:54:31 - path:C:\Users\Network Lab\Desktop\J L Shreya\CICFlowMeter and ISCXFlowMeter\cicflowmeter-4\CICFlowMeter-4.0\bin\data\daily\2021-09-27_Flow.csv
2021-09-27 14:54:49 - path:C:\Users\Network Lab\Desktop\J L Shreya\CICFlowMeter and ISCXFlowMeter\cicflowmeter-4\CICFlowMeter-4.0\bin\data\daily\2021-09-27_Flow.csv
2021-09-27 14:54:49 - path:C:\Users\Network Lab\Desktop\J L Shreya\CICFlowMeter and ISCXFlowMeter\cicflowmeter-4\CICFlowMeter-4.0\bin\data\daily\2021-09-27_Flow.csv
2021-09-27 14:56:26 - Pcap is listening...
2021-09-27 16:01:14 - Pcap stop listening
2021-09-27 16:01:14 - path:C:\Users\Network Lab\Desktop\J L Shreya\CICFlowMeter and ISCXFlowMeter\cicflowmeter-4\CICFlowMeter-4.0\bin\data\daily\2021-09-27_Flow.csv
2021-09-29 19:01:19 - Pcap is listening...
2021-09-29 19:04:20 - Pcap stop listening
2021-09-29 19:04:20 - path:C:\Users\Network Lab\Desktop\J L Shreya\CICFlowMeter and ISCXFlowMeter\cicflowmeter-4\CICFlowMeter-4.0\bin\data\daily\2021-09-29_Flow.csv
2021-09-29 19:07:47 - path:C:\Users\Network Lab\Desktop\J L Shreya\CICFlowMeter and ISCXFlowMeter\cicflowmeter-4\CICFlowMeter-4.0\bin\data\daily\2021-09-29_Flow.csv
2021-12-19 20:29:20 - Pcap is listening...
2021-12-19 20:34:17 - Pcap stop listening
2021-12-19 20:34:17 - path:F:\CICFlowMeter-4.0\bin\data\daily\2021-12-19_Flow.csv
2021-12-19 20:40:47 - Pcap is listening...
2021-12-19 20:41:21 - Pcap stop listening
2021-12-19 20:41:22 - path:F:\CICFlowMeter-4.0\bin\data\daily\2021-12-19_Flow.csv
2022-04-26 16:57:48 - Pcap is listening...
2022-04-26 20:07:38 - Pcap is listening...
2022-04-26 20:07:46 - Pcap stop listening
2022-04-26 20:07:46 - path:C:\Users\Lenovo\Downloads\CICFlowMeter-4.0-20220426T094349Z-001\CICFlowMeter-4.0\bin\data\daily\2022-04-26_Flow.csv
2022-04-26 20:07:50 - Pcap is listening...
2022-04-26 20:08:14 - Pcap stop listening
2022-04-26 20:08:14 - path:C:\Users\Lenovo\Downloads\CICFlowMeter-4.0-20220426T094349Z-001\CICFlowMeter-4.0\bin\data\daily\2022-04-26_Flow.csv
2022-04-26 20:08:44 - Pcap is listening...
2022-04-26 20:09:10 - Pcap stop listening
2022-04-26 20:09:10 - path:C:\Users\Lenovo\Downloads\CICFlowMeter-4.0-20220426T094349Z-001\CICFlowMeter-4.0\bin\data\daily\2022-04-26_Flow.csv
2022-04-26 20:09:35 - path:C:\Users\Lenovo\Downloads\CICFlowMeter-4.0-20220426T094349Z-001\CICFlowMeter-4.0\bin\data\daily\2022-04-26_Flow.csv
2022-04-26 20:09:38 - Pcap is listening...
2022-04-26 20:10:02 - Pcap stop listening
2022-04-26 20:10:02 - path:C:\Users\Lenovo\Downloads\CICFlowMeter-4.0-20220426T094349Z-001\CICFlowMeter-4.0\bin\data\daily\2022-04-26_Flow.csv
2022-04-26 20:10:10 - Pcap is listening...
2022-04-26 20:10:19 - Pcap stop listening
2022-04-26 20:10:19 - path:C:\Users\Lenovo\Downloads\CICFlowMeter-4.0-20220426T094349Z-001\CICFlowMeter-4.0\bin\data\daily\2022-04-26_Flow.csv
2022-04-26 20:10:24 - Pcap is listening...
2022-04-26 20:14:39 - Pcap stop listening
2022-04-26 20:14:39 - path:C:\Users\Lenovo\Downloads\CICFlowMeter-4.0-20220426T094349Z-001\CICFlowMeter-4.0\bin\data\daily\2022-04-26_Flow.csv
2022-04-26 20:14:42 - Pcap is listening...
2022-04-26 20:14:45 - Pcap stop listening
2022-04-26 20:14:45 - path:C:\Users\Lenovo\Downloads\CICFlowMeter-4.0-20220426T094349Z-001\CICFlowMeter-4.0\bin\data\daily\2022-04-26_Flow.csv
2022-04-26 20:14:48 - Pcap is listening...
2022-04-26 20:15:16 - Pcap stop listening
2022-04-26 20:15:16 - path:C:\Users\Lenovo\Downloads\CICFlowMeter-4.0-20220426T094349Z-001\CICFlowMeter-4.0\bin\data\daily\2022-04-26_Flow.csv
2022-04-26 20:15:35 - Pcap is listening...
2022-04-26 20:15:39 - Pcap stop listening
2022-04-26 20:15:39 - path:C:\Users\Lenovo\Downloads\CICFlowMeter-4.0-20220426T094349Z-001\CICFlowMeter-4.0\bin\data\daily\2022-04-26_Flow.csv
2022-04-26 20:15:41 - Pcap is listening...
2022-04-26 20:16:03 - Pcap stop listening
2022-04-26 20:16:03 - path:C:\Users\Lenovo\Downloads\CICFlowMeter-4.0-20220426T094349Z-001\CICFlowMeter-4.0\bin\data\daily\2022-04-26_Flow.csv
2022-04-26 20:16:13 - Pcap stop listening
2022-04-26 20:16:13 - path:C:\Users\Lenovo\Downloads\CICFlowMeter-4.0-20220426T094349Z-001\CICFlowMeter-4.0\bin\data\daily\2022-04-26_Flow.csv
2022-04-26 20:16:26 - Pcap stop listening
2022-04-26 20:16:26 - path:C:\Users\Lenovo\Downloads\CICFlowMeter-4.0-20220426T094349Z-001\CICFlowMeter-4.0\bin\data\daily\2022-04-26_Flow.csv
2022-04-26 20:16:45 - Pcap is listening...
2022-04-26 20:17:10 - Pcap stop listening
2022-04-26 20:17:10 - path:C:\Users\Lenovo\Downloads\CICFlowMeter-4.0-20220426T094349Z-001\CICFlowMeter-4.0\bin\data\daily\2022-04-26_Flow.csv
2022-04-26 20:17:38 - path:C:\Users\Lenovo\Downloads\CICFlowMeter-4.0-20220426T094349Z-001\CICFlowMeter-4.0\bin\data\daily\2022-04-26_Flow.csv
2022-04-26 20:17:42 - Pcap is listening...
2022-04-26 20:17:49 - Pcap stop listening
2022-04-26 20:17:49 - path:C:\Users\Lenovo\Downloads\CICFlowMeter-4.0-20220426T094349Z-001\CICFlowMeter-4.0\bin\data\daily\2022-04-26_Flow.csv
2022-04-26 20:17:54 - Pcap is listening...
2022-04-26 20:18:02 - Pcap stop listening
2022-04-26 20:18:02 - path:C:\Users\Lenovo\Downloads\CICFlowMeter-4.0-20220426T094349Z-001\CICFlowMeter-4.0\bin\data\daily\2022-04-26_Flow.csv
2022-04-26 20:18:05 - Pcap is listening...
2022-04-26 20:18:09 - Pcap stop listening
2022-04-26 20:18:09 - path:C:\Users\Lenovo\Downloads\CICFlowMeter-4.0-20220426T094349Z-001\CICFlowMeter-4.0\bin\data\daily\2022-04-26_Flow.csv
2022-04-26 20:18:12 - Pcap is listening...
2022-04-26 20:18:17 - Pcap stop listening
2022-04-26 20:18:17 - path:C:\Users\Lenovo\Downloads\CICFlowMeter-4.0-20220426T094349Z-001\CICFlowMeter-4.0\bin\data\daily\2022-04-26_Flow.csv
2022-04-26 20:18:26 - Pcap is listening...
2022-04-26 20:19:33 - Pcap stop listening
2022-04-26 20:19:33 - path:C:\Users\Lenovo\Downloads\CICFlowMeter-4.0-20220426T094349Z-001\CICFlowMeter-4.0\bin\data\daily\2022-04-26_Flow.csv
2022-04-26 22:46:40 - Pcap is listening...
2022-04-26 22:51:04 - Pcap stop listening
2022-04-26 22:51:04 - path:C:\Users\Lenovo\Documents\model\CICFlowMeter-4.0\bin\data\daily\2022-04-26_Flow.csv
2022-04-26 23:08:47 - Pcap is listening...
2022-04-26 23:14:38 - Pcap stop listening
2022-04-26 23:23:10 - path:C:\Users\Lenovo\Documents\model\CICFlowMeter-4.0\bin\data\daily\2022-04-26_Flow.csv
2022-04-26 23:23:10 - path:C:\Users\Lenovo\Documents\model\CICFlowMeter-4.0\bin\data\daily\2022-04-26_Flow.csv
2022-04-26 23:23:10 - path:C:\Users\Lenovo\Documents\model\CICFlowMeter-4.0\bin\data\daily\2022-04-26_Flow.csv
2022-04-26 23:23:10 - path:C:\Users\Lenovo\Documents\model\CICFlowMeter-4.0\bin\data\daily\2022-04-26_Flow.csv
2022-04-26 23:23:10 - path:C:\Users\Lenovo\Documents\model\CICFlowMeter-4.0\bin\data\daily\2022-04-26_Flow.csv
2022-04-26 23:23:10 - path:C:\Users\Lenovo\Documents\model\CICFlowMeter-4.0\bin\data\daily\2022-04-26_Flow.csv
2022-04-26 23:23:10 - path:C:\Users\Lenovo\Documents\model\CICFlowMeter-4.0\bin\data\daily\2022-04-26_Flow.csv
2022-04-26 23:23:10 - path:C:\Users\Lenovo\Documents\model\CICFlowMeter-4.0\bin\data\daily\2022-04-26_Flow.csv
2022-04-27 07:23:17 - Pcap is listening...
2022-04-27 07:41:56 - Pcap stop listening
2022-04-27 07:41:56 - path:C:\Users\Lenovo\Documents\model\CICFlowMeter-4.0\bin\data\daily\2022-04-27_Flow.csv
2022-04-27 08:12:46 - Pcap is listening...
2022-04-27 08:20:01 - Pcap stop listening
2022-04-27 08:20:01 - path:C:\Users\Lenovo\Documents\model\CICFlowMeter-4.0\bin\data\daily\2022-04-27_Flow.csv
2022-04-27 09:03:11 - Pcap is listening...
2022-04-27 09:07:48 - Pcap stop listening
2022-04-27 09:07:48 - path:C:\Users\Lenovo\Documents\model\CICFlowMeter-4.0\bin\data\daily\2022-04-27_Flow.csv
2022-04-27 14:53:23 - Pcap is listening...
2022-04-27 14:58:04 - Pcap stop listening
2022-04-27 14:58:04 - path:C:\Users\Lenovo\Documents\model\CICFlowMeter-4.0\bin\data\daily\2022-04-27_Flow.csv
2022-05-03 23:05:31 - Pcap is listening...
2022-05-03 23:06:25 - Pcap stop listening
2022-05-03 23:06:25 - path:C:\Users\Lenovo\Documents\model\CICFlowMeter-4.0\bin\data\daily\2022-05-03_Flow.csv
